


ARM Macro Assembler    Page 1 


    1 00000000         ;/******************************************************
                       *****************
    2 00000000         ; * @brief: LPC18xx/43xx M3/M4 startup code
    3 00000000         ; *
    4 00000000         ; * @note
    5 00000000         ; * Copyright(C) NXP Semiconductors, 2012
    6 00000000         ; * All rights reserved.
    7 00000000         ; *
    8 00000000         ; * @par
    9 00000000         ; * Software that is described herein is for illustrativ
                       e purposes only
   10 00000000         ; * which provides customers with programming informatio
                       n regarding the
   11 00000000         ; * LPC products.  This software is supplied "AS IS" wit
                       hout any warranties of
   12 00000000         ; * any kind, and NXP Semiconductors and its licensor di
                       sclaim any and
   13 00000000         ; * all warranties, express or implied, including all im
                       plied warranties of
   14 00000000         ; * merchantability, fitness for a particular purpose an
                       d non-infringement of
   15 00000000         ; * intellectual property rights.  NXP Semiconductors as
                       sumes no responsibility
   16 00000000         ; * or liability for the use of the software, conveys no
                        license or rights under any
   17 00000000         ; * patent, copyright, mask work right, or any other int
                       ellectual property rights in
   18 00000000         ; * or to any products. NXP Semiconductors reserves the 
                       right to make changes
   19 00000000         ; * in the software without notification. NXP Semiconduc
                       tors also makes no
   20 00000000         ; * representation or warranty that such application wil
                       l be suitable for the
   21 00000000         ; * specified use without further testing or modificatio
                       n.
   22 00000000         ; *
   23 00000000         ; * @par
   24 00000000         ; * Permission to use, copy, modify, and distribute this
                        software and its
   25 00000000         ; * documentation is hereby granted, under NXP Semicondu
                       ctors' and its
   26 00000000         ; * licensor's relevant copyrights in the software, with
                       out fee, provided that it
   27 00000000         ; * is used in conjunction with NXP Semiconductors micro
                       controllers.  This
   28 00000000         ; * copyright, permission, and disclaimer notice must ap
                       pear in all copies of
   29 00000000         ; * this code.
   30 00000000         ; */
   31 00000000         
   32 00000000         ; <h> Stack Configuration
   33 00000000         ;   <o> Stack Size (in Bytes) <0x0-0xFFFFFFFF:8>
   34 00000000         ; </h>
   35 00000000         
   36 00000000 00000300 
                       Stack_Size
                               EQU              0x00000300
   37 00000000         
   38 00000000                 AREA             STACK, NOINIT, READWRITE, ALIGN



ARM Macro Assembler    Page 2 


=3
   39 00000000         Stack_Mem
                               SPACE            Stack_Size
   40 00000300         __initial_sp
   41 00000300         
   42 00000300         ; <h> Heap Configuration
   43 00000300         ;   <o>  Heap Size (in Bytes) <0x0-0xFFFFFFFF:8>
   44 00000300         ; </h>
   45 00000300         
   46 00000300 00000000 
                       Heap_Size
                               EQU              0x00000000
   47 00000300         
   48 00000300                 AREA             HEAP, NOINIT, READWRITE, ALIGN=
3
   49 00000000         __heap_base
   50 00000000         Heap_Mem
                               SPACE            Heap_Size
   51 00000000         __heap_limit
   52 00000000         
   53 00000000                 PRESERVE8
   54 00000000                 THUMB
   55 00000000         
   56 00000000         ; Vector Table Mapped to Address 0 at Reset
   57 00000000         
   58 00000000                 AREA             RESET, DATA, READONLY
   59 00000000                 EXPORT           __Vectors
   60 00000000         
   61 00000000 5A5A5A5A 
                       Sign_Value
                               EQU              0x5A5A5A5A
   62 00000000         
   63 00000000 00000000 
                       __Vectors
                               DCD              __initial_sp ; 0 Top of Stack
   64 00000004 00000000        DCD              Reset_Handler ; 1 Reset Handler
                                                            
   65 00000008 00000000        DCD              NMI_Handler ; 2 NMI Handler
   66 0000000C 00000000        DCD              HardFault_Handler ; 3 Hard Faul
                                                            t Handler
   67 00000010 00000000        DCD              MemManage_Handler ; 4 MPU Fault
                                                             Handler
   68 00000014 00000000        DCD              BusFault_Handler ; 5 Bus Fault 
                                                            Handler
   69 00000018 00000000        DCD              UsageFault_Handler ; 6 Usage Fa
                                                            ult Handler
   70 0000001C 5A5A5A5A        DCD              Sign_Value  ; 7 Reserved
   71 00000020 00000000        DCD              UnHandled_Vector ; 8 Reserved
   72 00000024 00000000        DCD              UnHandled_Vector ; 9 Reserved
   73 00000028 00000000        DCD              UnHandled_Vector ; 10 Reserved
   74 0000002C 00000000        DCD              SVC_Handler ; 11 SVCall Handler
                                                            
   75 00000030 00000000        DCD              DebugMon_Handler ; 12 Debug Mon
                                                            itor Handler
   76 00000034 00000000        DCD              UnHandled_Vector ; 13 Reserved
   77 00000038 00000000        DCD              PendSV_Handler 
                                                            ; 14 PendSV Handler
                                                            
   78 0000003C 00000000        DCD              SysTick_Handler ; 15 SysTick Ha



ARM Macro Assembler    Page 3 


                                                            ndler
   79 00000040         
   80 00000040         ; External Interrupts
   81 00000040 00000000        DCD              DAC_IRQHandler 
                                                            ; 16 D/A Converter
   82 00000044 00000000        DCD              M0APP_IRQHandler ; 17 M0APP IRQ
                                                             handler (LPC43XX O
                                                            NLY)
   83 00000048 00000000        DCD              DMA_IRQHandler ; 18 General Pur
                                                            pose DMA
   84 0000004C 00000000        DCD              UnHandled_Vector ; 19 Reserved
   85 00000050 00000000        DCD              FLASH_EEPROM_IRQHandler ; 20 OR
                                                            ed flash bank A, fl
                                                            ash bank B, EEPROM 
                                                            interrupts
   86 00000054 00000000        DCD              ETH_IRQHandler ; 21 Ethernet
   87 00000058 00000000        DCD              SDIO_IRQHandler ; 22 SD/MMC
   88 0000005C 00000000        DCD              LCD_IRQHandler ; 23 LCD
   89 00000060 00000000        DCD              USB0_IRQHandler ; 24 USB0
   90 00000064 00000000        DCD              USB1_IRQHandler ; 25 USB1
   91 00000068 00000000        DCD              SCT_IRQHandler ; 26 State Confi
                                                            gurable Timer
   92 0000006C 00000000        DCD              RIT_IRQHandler ; 27 Repetitive 
                                                            Interrupt Timer
   93 00000070 00000000        DCD              TIMER0_IRQHandler ; 28 Timer0
   94 00000074 00000000        DCD              TIMER1_IRQHandler ; 29 Timer1
   95 00000078 00000000        DCD              TIMER2_IRQHandler ; 30 Timer2
   96 0000007C 00000000        DCD              TIMER3_IRQHandler ; 31 Timer3
   97 00000080 00000000        DCD              MCPWM_IRQHandler ; 32 Motor Con
                                                            trol PWM
   98 00000084 00000000        DCD              ADC0_IRQHandler ; 33 A/D Conver
                                                            ter 0
   99 00000088 00000000        DCD              I2C0_IRQHandler ; 34 I2C0
  100 0000008C 00000000        DCD              I2C1_IRQHandler ; 35 I2C1
  101 00000090 00000000        DCD              SPI_IRQHandler ; 36 SPI (LPC43X
                                                            X ONLY)
  102 00000094 00000000        DCD              ADC1_IRQHandler ; 37 A/D Conver
                                                            ter 1
  103 00000098 00000000        DCD              SSP0_IRQHandler ; 38 SSP0
  104 0000009C 00000000        DCD              SSP1_IRQHandler ; 39 SSP1
  105 000000A0 00000000        DCD              UART0_IRQHandler ; 40 UART0
  106 000000A4 00000000        DCD              UART1_IRQHandler ; 41 UART1
  107 000000A8 00000000        DCD              UART2_IRQHandler ; 42 UART2
  108 000000AC 00000000        DCD              UART3_IRQHandler ; 43 UART3
  109 000000B0 00000000        DCD              I2S0_IRQHandler ; 44 I2S0
  110 000000B4 00000000        DCD              I2S1_IRQHandler ; 45 I2S1
  111 000000B8 00000000        DCD              SPIFI_IRQHandler ; 46 SPI Flash
                                                             Interface
  112 000000BC 00000000        DCD              SGPIO_IRQHandler ; 47 SGPIO (LP
                                                            C43XX ONLY)
  113 000000C0 00000000        DCD              GPIO0_IRQHandler ; 48 GPIO0
  114 000000C4 00000000        DCD              GPIO1_IRQHandler ; 49 GPIO1
  115 000000C8 00000000        DCD              GPIO2_IRQHandler ; 50 GPIO2
  116 000000CC 00000000        DCD              GPIO3_IRQHandler ; 51 GPIO3
  117 000000D0 00000000        DCD              GPIO4_IRQHandler ; 52 GPIO4
  118 000000D4 00000000        DCD              GPIO5_IRQHandler ; 53 GPIO5
  119 000000D8 00000000        DCD              GPIO6_IRQHandler ; 54 GPIO6
  120 000000DC 00000000        DCD              GPIO7_IRQHandler ; 55 GPIO7
  121 000000E0 00000000        DCD              GINT0_IRQHandler ; 56 GINT0



ARM Macro Assembler    Page 4 


  122 000000E4 00000000        DCD              GINT1_IRQHandler ; 57 GINT1
  123 000000E8 00000000        DCD              EVRT_IRQHandler 
                                                            ; 58 Event Router
  124 000000EC 00000000        DCD              CAN1_IRQHandler ; 59 C_CAN1
  125 000000F0 00000000        DCD              UnHandled_Vector ; 60 Reserved
  126 000000F4 00000000        DCD              ADCHS_IRQHandler ; 61 ADCHS com
                                                            bined interrupt
  127 000000F8 00000000        DCD              ATIMER_IRQHandler ; 62 ATIMER
  128 000000FC 00000000        DCD              RTC_IRQHandler ; 63 RTC
  129 00000100 00000000        DCD              UnHandled_Vector ; 64 Reserved
  130 00000104 00000000        DCD              WDT_IRQHandler ; 65 WDT
  131 00000108 00000000        DCD              M0SUB_IRQHandler ; 66 M0SUB IRQ
                                                             handler (LPC43XX O
                                                            NLY)
  132 0000010C 00000000        DCD              CAN0_IRQHandler ; 67 C_CAN0
  133 00000110 00000000        DCD              QEI_IRQHandler ; 68 QEI
  134 00000114         
  135 00000114         
  136 00000114         ;                IF      :LNOT::DEF:NO_CRP
  137 00000114         ;                AREA    |.ARM.__at_0x02FC|, CODE, READO
                       NLY
  138 00000114         ;CRP_Key         DCD     0xFFFFFFFF
  139 00000114         ;                ENDIF
  140 00000114         
  141 00000114                 AREA             |.text|, CODE, READONLY
  142 00000000         
  143 00000000         ; Reset Handler
  144 00000000         
  145 00000000         Reset_Handler
                               PROC
  146 00000000                 EXPORT           Reset_Handler             [WEAK
]
  147 00000000                 IMPORT           __main
  148 00000000                 IMPORT           SystemInit
  149 00000000 480A            LDR              R0, =SystemInit
  150 00000002 4780            BLX              R0
  151 00000004 480A            LDR              R0, =__main
  152 00000006 4700            BX               R0
  153 00000008                 ENDP
  154 00000008         
  155 00000008         ; Dummy Exception Handlers (infinite loops which can be 
                       modified)
  156 00000008         
  157 00000008         NMI_Handler
                               PROC
  158 00000008                 EXPORT           NMI_Handler               [WEAK
]
  159 00000008 E7FE            B                .
  160 0000000A                 ENDP
  162 0000000A         HardFault_Handler
                               PROC
  163 0000000A                 EXPORT           HardFault_Handler         [WEAK
]
  164 0000000A E7FE            B                .
  165 0000000C                 ENDP
  167 0000000C         MemManage_Handler
                               PROC
  168 0000000C                 EXPORT           MemManage_Handler         [WEAK
]



ARM Macro Assembler    Page 5 


  169 0000000C E7FE            B                .
  170 0000000E                 ENDP
  172 0000000E         BusFault_Handler
                               PROC
  173 0000000E                 EXPORT           BusFault_Handler          [WEAK
]
  174 0000000E E7FE            B                .
  175 00000010                 ENDP
  177 00000010         UsageFault_Handler
                               PROC
  178 00000010                 EXPORT           UsageFault_Handler        [WEAK
]
  179 00000010 E7FE            B                .
  180 00000012                 ENDP
  181 00000012         SVC_Handler
                               PROC
  182 00000012                 EXPORT           SVC_Handler               [WEAK
]
  183 00000012 E7FE            B                .
  184 00000014                 ENDP
  186 00000014         DebugMon_Handler
                               PROC
  187 00000014                 EXPORT           DebugMon_Handler          [WEAK
]
  188 00000014 E7FE            B                .
  189 00000016                 ENDP
  190 00000016         PendSV_Handler
                               PROC
  191 00000016                 EXPORT           PendSV_Handler            [WEAK
]
  192 00000016 E7FE            B                .
  193 00000018                 ENDP
  194 00000018         SysTick_Handler
                               PROC
  195 00000018                 EXPORT           SysTick_Handler           [WEAK
]
  196 00000018 E7FE            B                .
  197 0000001A                 ENDP
  198 0000001A         UnHandled_Vector
                               PROC
  199 0000001A                 EXPORT           UnHandled_Vector          [WEAK
]
  200 0000001A E7FE            B                .
  201 0000001C                 ENDP
  202 0000001C         
  203 0000001C         Default_Handler
                               PROC
  204 0000001C         
  205 0000001C                 EXPORT           DAC_IRQHandler       [WEAK]
  206 0000001C                 EXPORT           M0APP_IRQHandler      [WEAK]
  207 0000001C                 EXPORT           DMA_IRQHandler      [WEAK]
  208 0000001C                 EXPORT           FLASH_EEPROM_IRQHandler [WEAK]
  209 0000001C                 EXPORT           ETH_IRQHandler      [WEAK]
  210 0000001C                 EXPORT           SDIO_IRQHandler      [WEAK]
  211 0000001C                 EXPORT           LCD_IRQHandler      [WEAK]
  212 0000001C                 EXPORT           USB0_IRQHandler      [WEAK]
  213 0000001C                 EXPORT           USB1_IRQHandler      [WEAK]
  214 0000001C                 EXPORT           SCT_IRQHandler      [WEAK]
  215 0000001C                 EXPORT           RIT_IRQHandler      [WEAK]



ARM Macro Assembler    Page 6 


  216 0000001C                 EXPORT           TIMER0_IRQHandler     [WEAK]
  217 0000001C                 EXPORT           TIMER1_IRQHandler     [WEAK]
  218 0000001C                 EXPORT           TIMER2_IRQHandler     [WEAK]
  219 0000001C                 EXPORT           TIMER3_IRQHandler     [WEAK]
  220 0000001C                 EXPORT           MCPWM_IRQHandler      [WEAK]
  221 0000001C                 EXPORT           ADC0_IRQHandler      [WEAK]
  222 0000001C                 EXPORT           I2C0_IRQHandler      [WEAK]
  223 0000001C                 EXPORT           I2C1_IRQHandler      [WEAK]
  224 0000001C                 EXPORT           SPI_IRQHandler      [WEAK]
  225 0000001C                 EXPORT           ADC1_IRQHandler      [WEAK]
  226 0000001C                 EXPORT           SSP0_IRQHandler      [WEAK]
  227 0000001C                 EXPORT           SSP1_IRQHandler      [WEAK]
  228 0000001C                 EXPORT           UART0_IRQHandler      [WEAK]
  229 0000001C                 EXPORT           UART1_IRQHandler      [WEAK]
  230 0000001C                 EXPORT           UART2_IRQHandler      [WEAK]
  231 0000001C                 EXPORT           UART3_IRQHandler      [WEAK]
  232 0000001C                 EXPORT           I2S0_IRQHandler      [WEAK]
  233 0000001C                 EXPORT           I2S1_IRQHandler      [WEAK]
  234 0000001C                 EXPORT           SPIFI_IRQHandler      [WEAK]
  235 0000001C                 EXPORT           SGPIO_IRQHandler      [WEAK]
  236 0000001C                 EXPORT           GPIO0_IRQHandler         [WEAK]
  237 0000001C                 EXPORT           GPIO1_IRQHandler      [WEAK]
  238 0000001C                 EXPORT           GPIO2_IRQHandler         [WEAK]
  239 0000001C                 EXPORT           GPIO3_IRQHandler      [WEAK]
  240 0000001C                 EXPORT           GPIO4_IRQHandler      [WEAK]
  241 0000001C                 EXPORT           GPIO5_IRQHandler      [WEAK]
  242 0000001C                 EXPORT           GPIO6_IRQHandler         [WEAK]
  243 0000001C                 EXPORT           GPIO7_IRQHandler         [WEAK]
  244 0000001C                 EXPORT           GINT0_IRQHandler         [WEAK]
  245 0000001C                 EXPORT           GINT1_IRQHandler         [WEAK]
  246 0000001C                 EXPORT           EVRT_IRQHandler      [WEAK]
  247 0000001C                 EXPORT           CAN1_IRQHandler      [WEAK]
  248 0000001C                 EXPORT           ADCHS_IRQHandler      [WEAK]
  249 0000001C                 EXPORT           ATIMER_IRQHandler     [WEAK]
  250 0000001C                 EXPORT           RTC_IRQHandler      [WEAK]
  251 0000001C                 EXPORT           WDT_IRQHandler      [WEAK]
  252 0000001C                 EXPORT           M0SUB_IRQHandler      [WEAK]
  253 0000001C                 EXPORT           CAN0_IRQHandler      [WEAK]
  254 0000001C                 EXPORT           QEI_IRQHandler      [WEAK]
  255 0000001C         
  256 0000001C         DAC_IRQHandler
  257 0000001C         M0APP_IRQHandler
  258 0000001C         DMA_IRQHandler
  259 0000001C         FLASH_EEPROM_IRQHandler
  260 0000001C         ETH_IRQHandler
  261 0000001C         SDIO_IRQHandler
  262 0000001C         LCD_IRQHandler
  263 0000001C         USB0_IRQHandler
  264 0000001C         USB1_IRQHandler
  265 0000001C         SCT_IRQHandler
  266 0000001C         RIT_IRQHandler
  267 0000001C         TIMER0_IRQHandler
  268 0000001C         TIMER1_IRQHandler
  269 0000001C         TIMER2_IRQHandler
  270 0000001C         TIMER3_IRQHandler
  271 0000001C         MCPWM_IRQHandler
  272 0000001C         ADC0_IRQHandler
  273 0000001C         I2C0_IRQHandler
  274 0000001C         I2C1_IRQHandler



ARM Macro Assembler    Page 7 


  275 0000001C         SPI_IRQHandler
  276 0000001C         ADC1_IRQHandler
  277 0000001C         SSP0_IRQHandler
  278 0000001C         SSP1_IRQHandler
  279 0000001C         UART0_IRQHandler
  280 0000001C         UART1_IRQHandler
  281 0000001C         UART2_IRQHandler
  282 0000001C         UART3_IRQHandler
  283 0000001C         I2S0_IRQHandler
  284 0000001C         I2S1_IRQHandler
  285 0000001C         SPIFI_IRQHandler
  286 0000001C         SGPIO_IRQHandler
  287 0000001C         GPIO0_IRQHandler
  288 0000001C         GPIO1_IRQHandler
  289 0000001C         GPIO2_IRQHandler
  290 0000001C         GPIO3_IRQHandler
  291 0000001C         GPIO4_IRQHandler
  292 0000001C         GPIO5_IRQHandler
  293 0000001C         GPIO6_IRQHandler
  294 0000001C         GPIO7_IRQHandler
  295 0000001C         GINT0_IRQHandler
  296 0000001C         GINT1_IRQHandler
  297 0000001C         EVRT_IRQHandler
  298 0000001C         CAN1_IRQHandler
  299 0000001C         ADCHS_IRQHandler
  300 0000001C         ATIMER_IRQHandler
  301 0000001C         RTC_IRQHandler
  302 0000001C         WDT_IRQHandler
  303 0000001C         M0SUB_IRQHandler
  304 0000001C         CAN0_IRQHandler
  305 0000001C         QEI_IRQHandler
  306 0000001C         
  307 0000001C E7FE            B                .
  308 0000001E         
  309 0000001E                 ENDP
  310 0000001E         
  311 0000001E 00 00           ALIGN
  312 00000020         
  313 00000020         ; User Initial Stack & Heap
  314 00000020         
  315 00000020                 IF               :DEF:__MICROLIB
  322 00000020         
  323 00000020                 IMPORT           __use_two_region_memory
  324 00000020                 EXPORT           __user_initial_stackheap
  325 00000020         __user_initial_stackheap
  326 00000020         
  327 00000020 4804            LDR              R0, =  Heap_Mem
  328 00000022 4905            LDR              R1, =(Stack_Mem + Stack_Size)
  329 00000024 4A03            LDR              R2, = (Heap_Mem +  Heap_Size)
  330 00000026 4B05            LDR              R3, = Stack_Mem
  331 00000028 4770            BX               LR
  332 0000002A         
  333 0000002A 00 00           ALIGN
  334 0000002C         
  335 0000002C                 ENDIF
  336 0000002C         
  337 0000002C                 END
              00000000 
              00000000 



ARM Macro Assembler    Page 8 


              00000000 
              00000300 
              00000000 
Command Line: --debug --xref --diag_suppress=9931 --cpu=Cortex-M4.fp.sp --apcs=
interwork --depend=.\objects\core_m4\keil_startup_lpc18xx43xx.d -o.\objects\cor
e_m4\keil_startup_lpc18xx43xx.o -I.\RTE\_bootcode -IC:\Users\Leo\AppData\Local\
Arm\Packs\Keil\LPC4300_DFP\2.9.0\Device\Include -IC:\Keil_v5\ARM\CMSIS\Include 
--predefine="__UVISION_VERSION SETA 529" --predefine="CORE_M4 SETA 1" --predefi
ne="CORE_M4 SETA 1" --list=.\list\keil_startup_lpc18xx43xx.lst ..\..\src\bootco
de\Configuration_Files\keil_startup_lpc18xx43xx.s



ARM Macro Assembler    Page 1 Alphabetic symbol ordering
Relocatable symbols

STACK 00000000

Symbol: STACK
   Definitions
      At line 38 in file ..\..\src\bootcode\Configuration_Files\keil_startup_lp
c18xx43xx.s
   Uses
      None
Comment: STACK unused
Stack_Mem 00000000

Symbol: Stack_Mem
   Definitions
      At line 39 in file ..\..\src\bootcode\Configuration_Files\keil_startup_lp
c18xx43xx.s
   Uses
      At line 328 in file ..\..\src\bootcode\Configuration_Files\keil_startup_l
pc18xx43xx.s
      At line 330 in file ..\..\src\bootcode\Configuration_Files\keil_startup_l
pc18xx43xx.s

__initial_sp 00000300

Symbol: __initial_sp
   Definitions
      At line 40 in file ..\..\src\bootcode\Configuration_Files\keil_startup_lp
c18xx43xx.s
   Uses
      At line 63 in file ..\..\src\bootcode\Configuration_Files\keil_startup_lp
c18xx43xx.s
Comment: __initial_sp used once
3 symbols



ARM Macro Assembler    Page 1 Alphabetic symbol ordering
Relocatable symbols

HEAP 00000000

Symbol: HEAP
   Definitions
      At line 48 in file ..\..\src\bootcode\Configuration_Files\keil_startup_lp
c18xx43xx.s
   Uses
      None
Comment: HEAP unused
Heap_Mem 00000000

Symbol: Heap_Mem
   Definitions
      At line 50 in file ..\..\src\bootcode\Configuration_Files\keil_startup_lp
c18xx43xx.s
   Uses
      At line 327 in file ..\..\src\bootcode\Configuration_Files\keil_startup_l
pc18xx43xx.s
      At line 329 in file ..\..\src\bootcode\Configuration_Files\keil_startup_l
pc18xx43xx.s

__heap_base 00000000

Symbol: __heap_base
   Definitions
      At line 49 in file ..\..\src\bootcode\Configuration_Files\keil_startup_lp
c18xx43xx.s
   Uses
      None
Comment: __heap_base unused
__heap_limit 00000000

Symbol: __heap_limit
   Definitions
      At line 51 in file ..\..\src\bootcode\Configuration_Files\keil_startup_lp
c18xx43xx.s
   Uses
      None
Comment: __heap_limit unused
4 symbols



ARM Macro Assembler    Page 1 Alphabetic symbol ordering
Relocatable symbols

RESET 00000000

Symbol: RESET
   Definitions
      At line 58 in file ..\..\src\bootcode\Configuration_Files\keil_startup_lp
c18xx43xx.s
   Uses
      None
Comment: RESET unused
__Vectors 00000000

Symbol: __Vectors
   Definitions
      At line 63 in file ..\..\src\bootcode\Configuration_Files\keil_startup_lp
c18xx43xx.s
   Uses
      At line 59 in file ..\..\src\bootcode\Configuration_Files\keil_startup_lp
c18xx43xx.s
Comment: __Vectors used once
2 symbols



ARM Macro Assembler    Page 1 Alphabetic symbol ordering
Relocatable symbols

.text 00000000

Symbol: .text
   Definitions
      At line 141 in file ..\..\src\bootcode\Configuration_Files\keil_startup_l
pc18xx43xx.s
   Uses
      None
Comment: .text unused
ADC0_IRQHandler 0000001C

Symbol: ADC0_IRQHandler
   Definitions
      At line 272 in file ..\..\src\bootcode\Configuration_Files\keil_startup_l
pc18xx43xx.s
   Uses
      At line 98 in file ..\..\src\bootcode\Configuration_Files\keil_startup_lp
c18xx43xx.s
      At line 221 in file ..\..\src\bootcode\Configuration_Files\keil_startup_l
pc18xx43xx.s

ADC1_IRQHandler 0000001C

Symbol: ADC1_IRQHandler
   Definitions
      At line 276 in file ..\..\src\bootcode\Configuration_Files\keil_startup_l
pc18xx43xx.s
   Uses
      At line 102 in file ..\..\src\bootcode\Configuration_Files\keil_startup_l
pc18xx43xx.s
      At line 225 in file ..\..\src\bootcode\Configuration_Files\keil_startup_l
pc18xx43xx.s

ADCHS_IRQHandler 0000001C

Symbol: ADCHS_IRQHandler
   Definitions
      At line 299 in file ..\..\src\bootcode\Configuration_Files\keil_startup_l
pc18xx43xx.s
   Uses
      At line 126 in file ..\..\src\bootcode\Configuration_Files\keil_startup_l
pc18xx43xx.s
      At line 248 in file ..\..\src\bootcode\Configuration_Files\keil_startup_l
pc18xx43xx.s

ATIMER_IRQHandler 0000001C

Symbol: ATIMER_IRQHandler
   Definitions
      At line 300 in file ..\..\src\bootcode\Configuration_Files\keil_startup_l
pc18xx43xx.s
   Uses
      At line 127 in file ..\..\src\bootcode\Configuration_Files\keil_startup_l
pc18xx43xx.s
      At line 249 in file ..\..\src\bootcode\Configuration_Files\keil_startup_l
pc18xx43xx.s

BusFault_Handler 0000000E




ARM Macro Assembler    Page 2 Alphabetic symbol ordering
Relocatable symbols

Symbol: BusFault_Handler
   Definitions
      At line 172 in file ..\..\src\bootcode\Configuration_Files\keil_startup_l
pc18xx43xx.s
   Uses
      At line 68 in file ..\..\src\bootcode\Configuration_Files\keil_startup_lp
c18xx43xx.s
      At line 173 in file ..\..\src\bootcode\Configuration_Files\keil_startup_l
pc18xx43xx.s

CAN0_IRQHandler 0000001C

Symbol: CAN0_IRQHandler
   Definitions
      At line 304 in file ..\..\src\bootcode\Configuration_Files\keil_startup_l
pc18xx43xx.s
   Uses
      At line 132 in file ..\..\src\bootcode\Configuration_Files\keil_startup_l
pc18xx43xx.s
      At line 253 in file ..\..\src\bootcode\Configuration_Files\keil_startup_l
pc18xx43xx.s

CAN1_IRQHandler 0000001C

Symbol: CAN1_IRQHandler
   Definitions
      At line 298 in file ..\..\src\bootcode\Configuration_Files\keil_startup_l
pc18xx43xx.s
   Uses
      At line 124 in file ..\..\src\bootcode\Configuration_Files\keil_startup_l
pc18xx43xx.s
      At line 247 in file ..\..\src\bootcode\Configuration_Files\keil_startup_l
pc18xx43xx.s

DAC_IRQHandler 0000001C

Symbol: DAC_IRQHandler
   Definitions
      At line 256 in file ..\..\src\bootcode\Configuration_Files\keil_startup_l
pc18xx43xx.s
   Uses
      At line 81 in file ..\..\src\bootcode\Configuration_Files\keil_startup_lp
c18xx43xx.s
      At line 205 in file ..\..\src\bootcode\Configuration_Files\keil_startup_l
pc18xx43xx.s

DMA_IRQHandler 0000001C

Symbol: DMA_IRQHandler
   Definitions
      At line 258 in file ..\..\src\bootcode\Configuration_Files\keil_startup_l
pc18xx43xx.s
   Uses
      At line 83 in file ..\..\src\bootcode\Configuration_Files\keil_startup_lp
c18xx43xx.s
      At line 207 in file ..\..\src\bootcode\Configuration_Files\keil_startup_l
pc18xx43xx.s

DebugMon_Handler 00000014



ARM Macro Assembler    Page 3 Alphabetic symbol ordering
Relocatable symbols


Symbol: DebugMon_Handler
   Definitions
      At line 186 in file ..\..\src\bootcode\Configuration_Files\keil_startup_l
pc18xx43xx.s
   Uses
      At line 75 in file ..\..\src\bootcode\Configuration_Files\keil_startup_lp
c18xx43xx.s
      At line 187 in file ..\..\src\bootcode\Configuration_Files\keil_startup_l
pc18xx43xx.s

Default_Handler 0000001C

Symbol: Default_Handler
   Definitions
      At line 203 in file ..\..\src\bootcode\Configuration_Files\keil_startup_l
pc18xx43xx.s
   Uses
      None
Comment: Default_Handler unused
ETH_IRQHandler 0000001C

Symbol: ETH_IRQHandler
   Definitions
      At line 260 in file ..\..\src\bootcode\Configuration_Files\keil_startup_l
pc18xx43xx.s
   Uses
      At line 86 in file ..\..\src\bootcode\Configuration_Files\keil_startup_lp
c18xx43xx.s
      At line 209 in file ..\..\src\bootcode\Configuration_Files\keil_startup_l
pc18xx43xx.s

EVRT_IRQHandler 0000001C

Symbol: EVRT_IRQHandler
   Definitions
      At line 297 in file ..\..\src\bootcode\Configuration_Files\keil_startup_l
pc18xx43xx.s
   Uses
      At line 123 in file ..\..\src\bootcode\Configuration_Files\keil_startup_l
pc18xx43xx.s
      At line 246 in file ..\..\src\bootcode\Configuration_Files\keil_startup_l
pc18xx43xx.s

FLASH_EEPROM_IRQHandler 0000001C

Symbol: FLASH_EEPROM_IRQHandler
   Definitions
      At line 259 in file ..\..\src\bootcode\Configuration_Files\keil_startup_l
pc18xx43xx.s
   Uses
      At line 85 in file ..\..\src\bootcode\Configuration_Files\keil_startup_lp
c18xx43xx.s
      At line 208 in file ..\..\src\bootcode\Configuration_Files\keil_startup_l
pc18xx43xx.s

GINT0_IRQHandler 0000001C

Symbol: GINT0_IRQHandler



ARM Macro Assembler    Page 4 Alphabetic symbol ordering
Relocatable symbols

   Definitions
      At line 295 in file ..\..\src\bootcode\Configuration_Files\keil_startup_l
pc18xx43xx.s
   Uses
      At line 121 in file ..\..\src\bootcode\Configuration_Files\keil_startup_l
pc18xx43xx.s
      At line 244 in file ..\..\src\bootcode\Configuration_Files\keil_startup_l
pc18xx43xx.s

GINT1_IRQHandler 0000001C

Symbol: GINT1_IRQHandler
   Definitions
      At line 296 in file ..\..\src\bootcode\Configuration_Files\keil_startup_l
pc18xx43xx.s
   Uses
      At line 122 in file ..\..\src\bootcode\Configuration_Files\keil_startup_l
pc18xx43xx.s
      At line 245 in file ..\..\src\bootcode\Configuration_Files\keil_startup_l
pc18xx43xx.s

GPIO0_IRQHandler 0000001C

Symbol: GPIO0_IRQHandler
   Definitions
      At line 287 in file ..\..\src\bootcode\Configuration_Files\keil_startup_l
pc18xx43xx.s
   Uses
      At line 113 in file ..\..\src\bootcode\Configuration_Files\keil_startup_l
pc18xx43xx.s
      At line 236 in file ..\..\src\bootcode\Configuration_Files\keil_startup_l
pc18xx43xx.s

GPIO1_IRQHandler 0000001C

Symbol: GPIO1_IRQHandler
   Definitions
      At line 288 in file ..\..\src\bootcode\Configuration_Files\keil_startup_l
pc18xx43xx.s
   Uses
      At line 114 in file ..\..\src\bootcode\Configuration_Files\keil_startup_l
pc18xx43xx.s
      At line 237 in file ..\..\src\bootcode\Configuration_Files\keil_startup_l
pc18xx43xx.s

GPIO2_IRQHandler 0000001C

Symbol: GPIO2_IRQHandler
   Definitions
      At line 289 in file ..\..\src\bootcode\Configuration_Files\keil_startup_l
pc18xx43xx.s
   Uses
      At line 115 in file ..\..\src\bootcode\Configuration_Files\keil_startup_l
pc18xx43xx.s
      At line 238 in file ..\..\src\bootcode\Configuration_Files\keil_startup_l
pc18xx43xx.s

GPIO3_IRQHandler 0000001C




ARM Macro Assembler    Page 5 Alphabetic symbol ordering
Relocatable symbols

Symbol: GPIO3_IRQHandler
   Definitions
      At line 290 in file ..\..\src\bootcode\Configuration_Files\keil_startup_l
pc18xx43xx.s
   Uses
      At line 116 in file ..\..\src\bootcode\Configuration_Files\keil_startup_l
pc18xx43xx.s
      At line 239 in file ..\..\src\bootcode\Configuration_Files\keil_startup_l
pc18xx43xx.s

GPIO4_IRQHandler 0000001C

Symbol: GPIO4_IRQHandler
   Definitions
      At line 291 in file ..\..\src\bootcode\Configuration_Files\keil_startup_l
pc18xx43xx.s
   Uses
      At line 117 in file ..\..\src\bootcode\Configuration_Files\keil_startup_l
pc18xx43xx.s
      At line 240 in file ..\..\src\bootcode\Configuration_Files\keil_startup_l
pc18xx43xx.s

GPIO5_IRQHandler 0000001C

Symbol: GPIO5_IRQHandler
   Definitions
      At line 292 in file ..\..\src\bootcode\Configuration_Files\keil_startup_l
pc18xx43xx.s
   Uses
      At line 118 in file ..\..\src\bootcode\Configuration_Files\keil_startup_l
pc18xx43xx.s
      At line 241 in file ..\..\src\bootcode\Configuration_Files\keil_startup_l
pc18xx43xx.s

GPIO6_IRQHandler 0000001C

Symbol: GPIO6_IRQHandler
   Definitions
      At line 293 in file ..\..\src\bootcode\Configuration_Files\keil_startup_l
pc18xx43xx.s
   Uses
      At line 119 in file ..\..\src\bootcode\Configuration_Files\keil_startup_l
pc18xx43xx.s
      At line 242 in file ..\..\src\bootcode\Configuration_Files\keil_startup_l
pc18xx43xx.s

GPIO7_IRQHandler 0000001C

Symbol: GPIO7_IRQHandler
   Definitions
      At line 294 in file ..\..\src\bootcode\Configuration_Files\keil_startup_l
pc18xx43xx.s
   Uses
      At line 120 in file ..\..\src\bootcode\Configuration_Files\keil_startup_l
pc18xx43xx.s
      At line 243 in file ..\..\src\bootcode\Configuration_Files\keil_startup_l
pc18xx43xx.s

HardFault_Handler 0000000A



ARM Macro Assembler    Page 6 Alphabetic symbol ordering
Relocatable symbols


Symbol: HardFault_Handler
   Definitions
      At line 162 in file ..\..\src\bootcode\Configuration_Files\keil_startup_l
pc18xx43xx.s
   Uses
      At line 66 in file ..\..\src\bootcode\Configuration_Files\keil_startup_lp
c18xx43xx.s
      At line 163 in file ..\..\src\bootcode\Configuration_Files\keil_startup_l
pc18xx43xx.s

I2C0_IRQHandler 0000001C

Symbol: I2C0_IRQHandler
   Definitions
      At line 273 in file ..\..\src\bootcode\Configuration_Files\keil_startup_l
pc18xx43xx.s
   Uses
      At line 99 in file ..\..\src\bootcode\Configuration_Files\keil_startup_lp
c18xx43xx.s
      At line 222 in file ..\..\src\bootcode\Configuration_Files\keil_startup_l
pc18xx43xx.s

I2C1_IRQHandler 0000001C

Symbol: I2C1_IRQHandler
   Definitions
      At line 274 in file ..\..\src\bootcode\Configuration_Files\keil_startup_l
pc18xx43xx.s
   Uses
      At line 100 in file ..\..\src\bootcode\Configuration_Files\keil_startup_l
pc18xx43xx.s
      At line 223 in file ..\..\src\bootcode\Configuration_Files\keil_startup_l
pc18xx43xx.s

I2S0_IRQHandler 0000001C

Symbol: I2S0_IRQHandler
   Definitions
      At line 283 in file ..\..\src\bootcode\Configuration_Files\keil_startup_l
pc18xx43xx.s
   Uses
      At line 109 in file ..\..\src\bootcode\Configuration_Files\keil_startup_l
pc18xx43xx.s
      At line 232 in file ..\..\src\bootcode\Configuration_Files\keil_startup_l
pc18xx43xx.s

I2S1_IRQHandler 0000001C

Symbol: I2S1_IRQHandler
   Definitions
      At line 284 in file ..\..\src\bootcode\Configuration_Files\keil_startup_l
pc18xx43xx.s
   Uses
      At line 110 in file ..\..\src\bootcode\Configuration_Files\keil_startup_l
pc18xx43xx.s
      At line 233 in file ..\..\src\bootcode\Configuration_Files\keil_startup_l
pc18xx43xx.s




ARM Macro Assembler    Page 7 Alphabetic symbol ordering
Relocatable symbols

LCD_IRQHandler 0000001C

Symbol: LCD_IRQHandler
   Definitions
      At line 262 in file ..\..\src\bootcode\Configuration_Files\keil_startup_l
pc18xx43xx.s
   Uses
      At line 88 in file ..\..\src\bootcode\Configuration_Files\keil_startup_lp
c18xx43xx.s
      At line 211 in file ..\..\src\bootcode\Configuration_Files\keil_startup_l
pc18xx43xx.s

M0APP_IRQHandler 0000001C

Symbol: M0APP_IRQHandler
   Definitions
      At line 257 in file ..\..\src\bootcode\Configuration_Files\keil_startup_l
pc18xx43xx.s
   Uses
      At line 82 in file ..\..\src\bootcode\Configuration_Files\keil_startup_lp
c18xx43xx.s
      At line 206 in file ..\..\src\bootcode\Configuration_Files\keil_startup_l
pc18xx43xx.s

M0SUB_IRQHandler 0000001C

Symbol: M0SUB_IRQHandler
   Definitions
      At line 303 in file ..\..\src\bootcode\Configuration_Files\keil_startup_l
pc18xx43xx.s
   Uses
      At line 131 in file ..\..\src\bootcode\Configuration_Files\keil_startup_l
pc18xx43xx.s
      At line 252 in file ..\..\src\bootcode\Configuration_Files\keil_startup_l
pc18xx43xx.s

MCPWM_IRQHandler 0000001C

Symbol: MCPWM_IRQHandler
   Definitions
      At line 271 in file ..\..\src\bootcode\Configuration_Files\keil_startup_l
pc18xx43xx.s
   Uses
      At line 97 in file ..\..\src\bootcode\Configuration_Files\keil_startup_lp
c18xx43xx.s
      At line 220 in file ..\..\src\bootcode\Configuration_Files\keil_startup_l
pc18xx43xx.s

MemManage_Handler 0000000C

Symbol: MemManage_Handler
   Definitions
      At line 167 in file ..\..\src\bootcode\Configuration_Files\keil_startup_l
pc18xx43xx.s
   Uses
      At line 67 in file ..\..\src\bootcode\Configuration_Files\keil_startup_lp
c18xx43xx.s
      At line 168 in file ..\..\src\bootcode\Configuration_Files\keil_startup_l
pc18xx43xx.s



ARM Macro Assembler    Page 8 Alphabetic symbol ordering
Relocatable symbols


NMI_Handler 00000008

Symbol: NMI_Handler
   Definitions
      At line 157 in file ..\..\src\bootcode\Configuration_Files\keil_startup_l
pc18xx43xx.s
   Uses
      At line 65 in file ..\..\src\bootcode\Configuration_Files\keil_startup_lp
c18xx43xx.s
      At line 158 in file ..\..\src\bootcode\Configuration_Files\keil_startup_l
pc18xx43xx.s

PendSV_Handler 00000016

Symbol: PendSV_Handler
   Definitions
      At line 190 in file ..\..\src\bootcode\Configuration_Files\keil_startup_l
pc18xx43xx.s
   Uses
      At line 77 in file ..\..\src\bootcode\Configuration_Files\keil_startup_lp
c18xx43xx.s
      At line 191 in file ..\..\src\bootcode\Configuration_Files\keil_startup_l
pc18xx43xx.s

QEI_IRQHandler 0000001C

Symbol: QEI_IRQHandler
   Definitions
      At line 305 in file ..\..\src\bootcode\Configuration_Files\keil_startup_l
pc18xx43xx.s
   Uses
      At line 133 in file ..\..\src\bootcode\Configuration_Files\keil_startup_l
pc18xx43xx.s
      At line 254 in file ..\..\src\bootcode\Configuration_Files\keil_startup_l
pc18xx43xx.s

RIT_IRQHandler 0000001C

Symbol: RIT_IRQHandler
   Definitions
      At line 266 in file ..\..\src\bootcode\Configuration_Files\keil_startup_l
pc18xx43xx.s
   Uses
      At line 92 in file ..\..\src\bootcode\Configuration_Files\keil_startup_lp
c18xx43xx.s
      At line 215 in file ..\..\src\bootcode\Configuration_Files\keil_startup_l
pc18xx43xx.s

RTC_IRQHandler 0000001C

Symbol: RTC_IRQHandler
   Definitions
      At line 301 in file ..\..\src\bootcode\Configuration_Files\keil_startup_l
pc18xx43xx.s
   Uses
      At line 128 in file ..\..\src\bootcode\Configuration_Files\keil_startup_l
pc18xx43xx.s
      At line 250 in file ..\..\src\bootcode\Configuration_Files\keil_startup_l



ARM Macro Assembler    Page 9 Alphabetic symbol ordering
Relocatable symbols

pc18xx43xx.s

Reset_Handler 00000000

Symbol: Reset_Handler
   Definitions
      At line 145 in file ..\..\src\bootcode\Configuration_Files\keil_startup_l
pc18xx43xx.s
   Uses
      At line 64 in file ..\..\src\bootcode\Configuration_Files\keil_startup_lp
c18xx43xx.s
      At line 146 in file ..\..\src\bootcode\Configuration_Files\keil_startup_l
pc18xx43xx.s

SCT_IRQHandler 0000001C

Symbol: SCT_IRQHandler
   Definitions
      At line 265 in file ..\..\src\bootcode\Configuration_Files\keil_startup_l
pc18xx43xx.s
   Uses
      At line 91 in file ..\..\src\bootcode\Configuration_Files\keil_startup_lp
c18xx43xx.s
      At line 214 in file ..\..\src\bootcode\Configuration_Files\keil_startup_l
pc18xx43xx.s

SDIO_IRQHandler 0000001C

Symbol: SDIO_IRQHandler
   Definitions
      At line 261 in file ..\..\src\bootcode\Configuration_Files\keil_startup_l
pc18xx43xx.s
   Uses
      At line 87 in file ..\..\src\bootcode\Configuration_Files\keil_startup_lp
c18xx43xx.s
      At line 210 in file ..\..\src\bootcode\Configuration_Files\keil_startup_l
pc18xx43xx.s

SGPIO_IRQHandler 0000001C

Symbol: SGPIO_IRQHandler
   Definitions
      At line 286 in file ..\..\src\bootcode\Configuration_Files\keil_startup_l
pc18xx43xx.s
   Uses
      At line 112 in file ..\..\src\bootcode\Configuration_Files\keil_startup_l
pc18xx43xx.s
      At line 235 in file ..\..\src\bootcode\Configuration_Files\keil_startup_l
pc18xx43xx.s

SPIFI_IRQHandler 0000001C

Symbol: SPIFI_IRQHandler
   Definitions
      At line 285 in file ..\..\src\bootcode\Configuration_Files\keil_startup_l
pc18xx43xx.s
   Uses
      At line 111 in file ..\..\src\bootcode\Configuration_Files\keil_startup_l
pc18xx43xx.s



ARM Macro Assembler    Page 10 Alphabetic symbol ordering
Relocatable symbols

      At line 234 in file ..\..\src\bootcode\Configuration_Files\keil_startup_l
pc18xx43xx.s

SPI_IRQHandler 0000001C

Symbol: SPI_IRQHandler
   Definitions
      At line 275 in file ..\..\src\bootcode\Configuration_Files\keil_startup_l
pc18xx43xx.s
   Uses
      At line 101 in file ..\..\src\bootcode\Configuration_Files\keil_startup_l
pc18xx43xx.s
      At line 224 in file ..\..\src\bootcode\Configuration_Files\keil_startup_l
pc18xx43xx.s

SSP0_IRQHandler 0000001C

Symbol: SSP0_IRQHandler
   Definitions
      At line 277 in file ..\..\src\bootcode\Configuration_Files\keil_startup_l
pc18xx43xx.s
   Uses
      At line 103 in file ..\..\src\bootcode\Configuration_Files\keil_startup_l
pc18xx43xx.s
      At line 226 in file ..\..\src\bootcode\Configuration_Files\keil_startup_l
pc18xx43xx.s

SSP1_IRQHandler 0000001C

Symbol: SSP1_IRQHandler
   Definitions
      At line 278 in file ..\..\src\bootcode\Configuration_Files\keil_startup_l
pc18xx43xx.s
   Uses
      At line 104 in file ..\..\src\bootcode\Configuration_Files\keil_startup_l
pc18xx43xx.s
      At line 227 in file ..\..\src\bootcode\Configuration_Files\keil_startup_l
pc18xx43xx.s

SVC_Handler 00000012

Symbol: SVC_Handler
   Definitions
      At line 181 in file ..\..\src\bootcode\Configuration_Files\keil_startup_l
pc18xx43xx.s
   Uses
      At line 74 in file ..\..\src\bootcode\Configuration_Files\keil_startup_lp
c18xx43xx.s
      At line 182 in file ..\..\src\bootcode\Configuration_Files\keil_startup_l
pc18xx43xx.s

SysTick_Handler 00000018

Symbol: SysTick_Handler
   Definitions
      At line 194 in file ..\..\src\bootcode\Configuration_Files\keil_startup_l
pc18xx43xx.s
   Uses
      At line 78 in file ..\..\src\bootcode\Configuration_Files\keil_startup_lp



ARM Macro Assembler    Page 11 Alphabetic symbol ordering
Relocatable symbols

c18xx43xx.s
      At line 195 in file ..\..\src\bootcode\Configuration_Files\keil_startup_l
pc18xx43xx.s

TIMER0_IRQHandler 0000001C

Symbol: TIMER0_IRQHandler
   Definitions
      At line 267 in file ..\..\src\bootcode\Configuration_Files\keil_startup_l
pc18xx43xx.s
   Uses
      At line 93 in file ..\..\src\bootcode\Configuration_Files\keil_startup_lp
c18xx43xx.s
      At line 216 in file ..\..\src\bootcode\Configuration_Files\keil_startup_l
pc18xx43xx.s

TIMER1_IRQHandler 0000001C

Symbol: TIMER1_IRQHandler
   Definitions
      At line 268 in file ..\..\src\bootcode\Configuration_Files\keil_startup_l
pc18xx43xx.s
   Uses
      At line 94 in file ..\..\src\bootcode\Configuration_Files\keil_startup_lp
c18xx43xx.s
      At line 217 in file ..\..\src\bootcode\Configuration_Files\keil_startup_l
pc18xx43xx.s

TIMER2_IRQHandler 0000001C

Symbol: TIMER2_IRQHandler
   Definitions
      At line 269 in file ..\..\src\bootcode\Configuration_Files\keil_startup_l
pc18xx43xx.s
   Uses
      At line 95 in file ..\..\src\bootcode\Configuration_Files\keil_startup_lp
c18xx43xx.s
      At line 218 in file ..\..\src\bootcode\Configuration_Files\keil_startup_l
pc18xx43xx.s

TIMER3_IRQHandler 0000001C

Symbol: TIMER3_IRQHandler
   Definitions
      At line 270 in file ..\..\src\bootcode\Configuration_Files\keil_startup_l
pc18xx43xx.s
   Uses
      At line 96 in file ..\..\src\bootcode\Configuration_Files\keil_startup_lp
c18xx43xx.s
      At line 219 in file ..\..\src\bootcode\Configuration_Files\keil_startup_l
pc18xx43xx.s

UART0_IRQHandler 0000001C

Symbol: UART0_IRQHandler
   Definitions
      At line 279 in file ..\..\src\bootcode\Configuration_Files\keil_startup_l
pc18xx43xx.s
   Uses



ARM Macro Assembler    Page 12 Alphabetic symbol ordering
Relocatable symbols

      At line 105 in file ..\..\src\bootcode\Configuration_Files\keil_startup_l
pc18xx43xx.s
      At line 228 in file ..\..\src\bootcode\Configuration_Files\keil_startup_l
pc18xx43xx.s

UART1_IRQHandler 0000001C

Symbol: UART1_IRQHandler
   Definitions
      At line 280 in file ..\..\src\bootcode\Configuration_Files\keil_startup_l
pc18xx43xx.s
   Uses
      At line 106 in file ..\..\src\bootcode\Configuration_Files\keil_startup_l
pc18xx43xx.s
      At line 229 in file ..\..\src\bootcode\Configuration_Files\keil_startup_l
pc18xx43xx.s

UART2_IRQHandler 0000001C

Symbol: UART2_IRQHandler
   Definitions
      At line 281 in file ..\..\src\bootcode\Configuration_Files\keil_startup_l
pc18xx43xx.s
   Uses
      At line 107 in file ..\..\src\bootcode\Configuration_Files\keil_startup_l
pc18xx43xx.s
      At line 230 in file ..\..\src\bootcode\Configuration_Files\keil_startup_l
pc18xx43xx.s

UART3_IRQHandler 0000001C

Symbol: UART3_IRQHandler
   Definitions
      At line 282 in file ..\..\src\bootcode\Configuration_Files\keil_startup_l
pc18xx43xx.s
   Uses
      At line 108 in file ..\..\src\bootcode\Configuration_Files\keil_startup_l
pc18xx43xx.s
      At line 231 in file ..\..\src\bootcode\Configuration_Files\keil_startup_l
pc18xx43xx.s

USB0_IRQHandler 0000001C

Symbol: USB0_IRQHandler
   Definitions
      At line 263 in file ..\..\src\bootcode\Configuration_Files\keil_startup_l
pc18xx43xx.s
   Uses
      At line 89 in file ..\..\src\bootcode\Configuration_Files\keil_startup_lp
c18xx43xx.s
      At line 212 in file ..\..\src\bootcode\Configuration_Files\keil_startup_l
pc18xx43xx.s

USB1_IRQHandler 0000001C

Symbol: USB1_IRQHandler
   Definitions
      At line 264 in file ..\..\src\bootcode\Configuration_Files\keil_startup_l
pc18xx43xx.s



ARM Macro Assembler    Page 13 Alphabetic symbol ordering
Relocatable symbols

   Uses
      At line 90 in file ..\..\src\bootcode\Configuration_Files\keil_startup_lp
c18xx43xx.s
      At line 213 in file ..\..\src\bootcode\Configuration_Files\keil_startup_l
pc18xx43xx.s

UnHandled_Vector 0000001A

Symbol: UnHandled_Vector
   Definitions
      At line 198 in file ..\..\src\bootcode\Configuration_Files\keil_startup_l
pc18xx43xx.s
   Uses
      At line 71 in file ..\..\src\bootcode\Configuration_Files\keil_startup_lp
c18xx43xx.s
      At line 72 in file ..\..\src\bootcode\Configuration_Files\keil_startup_lp
c18xx43xx.s
      At line 73 in file ..\..\src\bootcode\Configuration_Files\keil_startup_lp
c18xx43xx.s
      At line 76 in file ..\..\src\bootcode\Configuration_Files\keil_startup_lp
c18xx43xx.s
      At line 84 in file ..\..\src\bootcode\Configuration_Files\keil_startup_lp
c18xx43xx.s
      At line 125 in file ..\..\src\bootcode\Configuration_Files\keil_startup_l
pc18xx43xx.s
      At line 129 in file ..\..\src\bootcode\Configuration_Files\keil_startup_l
pc18xx43xx.s
      At line 199 in file ..\..\src\bootcode\Configuration_Files\keil_startup_l
pc18xx43xx.s

UsageFault_Handler 00000010

Symbol: UsageFault_Handler
   Definitions
      At line 177 in file ..\..\src\bootcode\Configuration_Files\keil_startup_l
pc18xx43xx.s
   Uses
      At line 69 in file ..\..\src\bootcode\Configuration_Files\keil_startup_lp
c18xx43xx.s
      At line 178 in file ..\..\src\bootcode\Configuration_Files\keil_startup_l
pc18xx43xx.s

WDT_IRQHandler 0000001C

Symbol: WDT_IRQHandler
   Definitions
      At line 302 in file ..\..\src\bootcode\Configuration_Files\keil_startup_l
pc18xx43xx.s
   Uses
      At line 130 in file ..\..\src\bootcode\Configuration_Files\keil_startup_l
pc18xx43xx.s
      At line 251 in file ..\..\src\bootcode\Configuration_Files\keil_startup_l
pc18xx43xx.s

__user_initial_stackheap 00000020

Symbol: __user_initial_stackheap
   Definitions
      At line 325 in file ..\..\src\bootcode\Configuration_Files\keil_startup_l



ARM Macro Assembler    Page 14 Alphabetic symbol ordering
Relocatable symbols

pc18xx43xx.s
   Uses
      At line 324 in file ..\..\src\bootcode\Configuration_Files\keil_startup_l
pc18xx43xx.s
Comment: __user_initial_stackheap used once
64 symbols



ARM Macro Assembler    Page 1 Alphabetic symbol ordering
Absolute symbols

Heap_Size 00000000

Symbol: Heap_Size
   Definitions
      At line 46 in file ..\..\src\bootcode\Configuration_Files\keil_startup_lp
c18xx43xx.s
   Uses
      At line 50 in file ..\..\src\bootcode\Configuration_Files\keil_startup_lp
c18xx43xx.s
      At line 329 in file ..\..\src\bootcode\Configuration_Files\keil_startup_l
pc18xx43xx.s

Sign_Value 5A5A5A5A

Symbol: Sign_Value
   Definitions
      At line 61 in file ..\..\src\bootcode\Configuration_Files\keil_startup_lp
c18xx43xx.s
   Uses
      At line 70 in file ..\..\src\bootcode\Configuration_Files\keil_startup_lp
c18xx43xx.s
Comment: Sign_Value used once
Stack_Size 00000300

Symbol: Stack_Size
   Definitions
      At line 36 in file ..\..\src\bootcode\Configuration_Files\keil_startup_lp
c18xx43xx.s
   Uses
      At line 39 in file ..\..\src\bootcode\Configuration_Files\keil_startup_lp
c18xx43xx.s
      At line 328 in file ..\..\src\bootcode\Configuration_Files\keil_startup_l
pc18xx43xx.s

3 symbols



ARM Macro Assembler    Page 1 Alphabetic symbol ordering
External symbols

SystemInit 00000000

Symbol: SystemInit
   Definitions
      At line 148 in file ..\..\src\bootcode\Configuration_Files\keil_startup_l
pc18xx43xx.s
   Uses
      At line 149 in file ..\..\src\bootcode\Configuration_Files\keil_startup_l
pc18xx43xx.s
Comment: SystemInit used once
__main 00000000

Symbol: __main
   Definitions
      At line 147 in file ..\..\src\bootcode\Configuration_Files\keil_startup_l
pc18xx43xx.s
   Uses
      At line 151 in file ..\..\src\bootcode\Configuration_Files\keil_startup_l
pc18xx43xx.s
Comment: __main used once
__use_two_region_memory 00000000

Symbol: __use_two_region_memory
   Definitions
      At line 323 in file ..\..\src\bootcode\Configuration_Files\keil_startup_l
pc18xx43xx.s
   Uses
      None
Comment: __use_two_region_memory unused
3 symbols
416 symbols in table
